<?xml version="1.0" encoding="UTF-8"?>
<!-- Generated by org.testng.reporters.JUnitXMLReporter -->
<testsuite hostname="LAPTOP-91C2J4K6" ignored="3" name="Test" tests="3" failures="0" timestamp="04 Jul 2022 05:56:51 GMT" time="41.712" errors="0">
  <testcase name="loginWithValidCredentials" time="6.389" classname="com.vcentry.hml.testcase.LoginTest"/>
  <testcase name="addEmp" time="25.924" classname="com.vcentry.hml.testcase.AddDeleteEmp"/>
  <testcase name="deleteEmp" time="9.327" classname="com.vcentry.hml.testcase.AddDeleteEmp"/>
  <testcase name="loginWithInValidCredentials" time="0.0" classname="com.vcentry.hml.testcase.LoginTest">
    <ignored/>
  </testcase> <!-- loginWithInValidCredentials -->
  <testcase name="@AfterSuite afterSuite" time="0.0" classname="com.vcentry.hrm.base.BaseClass">
    <ignored/>
  </testcase> <!-- @AfterSuite afterSuite -->
  <testcase name="@BeforeSuite beforeSuite" time="0.0" classname="com.vcentry.hrm.base.BaseClass">
    <ignored/>
  </testcase> <!-- @BeforeSuite beforeSuite -->
</testsuite> <!-- Test -->
